model loadeing time:  0.00736611286799113 minutes
model loading to cuda time:  0.31225682894388834 minutes
start training
EPOCH 0 -- TRAINING_LOSS: 0.0019 -- VALIDATION_LOSS: 0.0007
EPOCH 1 -- TRAINING_LOSS: 0.0007 -- VALIDATION_LOSS: 0.0007
EPOCH 2 -- TRAINING_LOSS: 0.0007 -- VALIDATION_LOSS: 0.0007
EPOCH 3 -- TRAINING_LOSS: 0.0007 -- VALIDATION_LOSS: 0.0007
EPOCH 4 -- TRAINING_LOSS: 0.0007 -- VALIDATION_LOSS: 0.0007
EPOCH 5 -- TRAINING_LOSS: 0.0007 -- VALIDATION_LOSS: 0.0007
EPOCH 6 -- TRAINING_LOSS: 0.0007 -- VALIDATION_LOSS: 0.0006
EPOCH 7 -- TRAINING_LOSS: 0.0006 -- VALIDATION_LOSS: 0.0006
EPOCH 8 -- TRAINING_LOSS: 0.0006 -- VALIDATION_LOSS: 0.0006
EPOCH 9 -- TRAINING_LOSS: 0.0006 -- VALIDATION_LOSS: 0.0006
EPOCH 10 -- TRAINING_LOSS: 0.0006 -- VALIDATION_LOSS: 0.0006
EPOCH 11 -- TRAINING_LOSS: 0.0006 -- VALIDATION_LOSS: 0.0006
EPOCH 12 -- TRAINING_LOSS: 0.0005 -- VALIDATION_LOSS: 0.0005
EPOCH 13 -- TRAINING_LOSS: 0.0005 -- VALIDATION_LOSS: 0.0005
EPOCH 14 -- TRAINING_LOSS: 0.0005 -- VALIDATION_LOSS: 0.0005
EPOCH 15 -- TRAINING_LOSS: 0.0005 -- VALIDATION_LOSS: 0.0005
EPOCH 16 -- TRAINING_LOSS: 0.0005 -- VALIDATION_LOSS: 0.0005
EPOCH 17 -- TRAINING_LOSS: 0.0005 -- VALIDATION_LOSS: 0.0005
EPOCH 18 -- TRAINING_LOSS: 0.0005 -- VALIDATION_LOSS: 0.0005
EPOCH 19 -- TRAINING_LOSS: 0.0005 -- VALIDATION_LOSS: 0.0005
EPOCH 20 -- TRAINING_LOSS: 0.0005 -- VALIDATION_LOSS: 0.0005
EPOCH 21 -- TRAINING_LOSS: 0.0005 -- VALIDATION_LOSS: 0.0005
EPOCH 22 -- TRAINING_LOSS: 0.0005 -- VALIDATION_LOSS: 0.0005
EPOCH 23 -- TRAINING_LOSS: 0.0005 -- VALIDATION_LOSS: 0.0005
EPOCH 24 -- TRAINING_LOSS: 0.0005 -- VALIDATION_LOSS: 0.0005
EPOCH 25 -- TRAINING_LOSS: 0.0005 -- VALIDATION_LOSS: 0.0005
EPOCH 26 -- TRAINING_LOSS: 0.0005 -- VALIDATION_LOSS: 0.0005
EPOCH 27 -- TRAINING_LOSS: 0.0005 -- VALIDATION_LOSS: 0.0005
EPOCH 28 -- TRAINING_LOSS: 0.0005 -- VALIDATION_LOSS: 0.0005
EPOCH 29 -- TRAINING_LOSS: 0.0005 -- VALIDATION_LOSS: 0.0005
EPOCH 30 -- TRAINING_LOSS: 0.0004 -- VALIDATION_LOSS: 0.0005
EPOCH 31 -- TRAINING_LOSS: 0.0004 -- VALIDATION_LOSS: 0.0005
EPOCH 32 -- TRAINING_LOSS: 0.0004 -- VALIDATION_LOSS: 0.0005
EPOCH 33 -- TRAINING_LOSS: 0.0004 -- VALIDATION_LOSS: 0.0004
EPOCH 34 -- TRAINING_LOSS: 0.0004 -- VALIDATION_LOSS: 0.0004
EPOCH 35 -- TRAINING_LOSS: 0.0004 -- VALIDATION_LOSS: 0.0004
EPOCH 36 -- TRAINING_LOSS: 0.0004 -- VALIDATION_LOSS: 0.0004
EPOCH 37 -- TRAINING_LOSS: 0.0004 -- VALIDATION_LOSS: 0.0005
EPOCH 38 -- TRAINING_LOSS: 0.0004 -- VALIDATION_LOSS: 0.0004
EPOCH 39 -- TRAINING_LOSS: 0.0004 -- VALIDATION_LOSS: 0.0004
EPOCH 40 -- TRAINING_LOSS: 0.0004 -- VALIDATION_LOSS: 0.0004
EPOCH 41 -- TRAINING_LOSS: 0.0004 -- VALIDATION_LOSS: 0.0004
EPOCH 42 -- TRAINING_LOSS: 0.0004 -- VALIDATION_LOSS: 0.0004
EPOCH 43 -- TRAINING_LOSS: 0.0004 -- VALIDATION_LOSS: 0.0004
EPOCH 44 -- TRAINING_LOSS: 0.0004 -- VALIDATION_LOSS: 0.0004
EPOCH 45 -- TRAINING_LOSS: 0.0004 -- VALIDATION_LOSS: 0.0004
EPOCH 46 -- TRAINING_LOSS: 0.0004 -- VALIDATION_LOSS: 0.0004
EPOCH 47 -- TRAINING_LOSS: 0.0004 -- VALIDATION_LOSS: 0.0004
EPOCH 48 -- TRAINING_LOSS: 0.0004 -- VALIDATION_LOSS: 0.0004
EPOCH 49 -- TRAINING_LOSS: 0.0004 -- VALIDATION_LOSS: 0.0004
EPOCH 50 -- TRAINING_LOSS: 0.0004 -- VALIDATION_LOSS: 0.0004
EPOCH 51 -- TRAINING_LOSS: 0.0004 -- VALIDATION_LOSS: 0.0004
EPOCH 52 -- TRAINING_LOSS: 0.0004 -- VALIDATION_LOSS: 0.0004
EPOCH 53 -- TRAINING_LOSS: 0.0004 -- VALIDATION_LOSS: 0.0004
EPOCH 54 -- TRAINING_LOSS: 0.0004 -- VALIDATION_LOSS: 0.0004
EPOCH 55 -- TRAINING_LOSS: 0.0004 -- VALIDATION_LOSS: 0.0004
EPOCH 56 -- TRAINING_LOSS: 0.0004 -- VALIDATION_LOSS: 0.0004
EPOCH 57 -- TRAINING_LOSS: 0.0004 -- VALIDATION_LOSS: 0.0004
EPOCH 58 -- TRAINING_LOSS: 0.0004 -- VALIDATION_LOSS: 0.0004
EPOCH 59 -- TRAINING_LOSS: 0.0004 -- VALIDATION_LOSS: 0.0004
EPOCH 60 -- TRAINING_LOSS: 0.0004 -- VALIDATION_LOSS: 0.0004
EPOCH 61 -- TRAINING_LOSS: 0.0004 -- VALIDATION_LOSS: 0.0004
EPOCH 62 -- TRAINING_LOSS: 0.0004 -- VALIDATION_LOSS: 0.0004
EPOCH 63 -- TRAINING_LOSS: 0.0004 -- VALIDATION_LOSS: 0.0004
EPOCH 64 -- TRAINING_LOSS: 0.0004 -- VALIDATION_LOSS: 0.0004
EPOCH 65 -- TRAINING_LOSS: 0.0004 -- VALIDATION_LOSS: 0.0004
EPOCH 66 -- TRAINING_LOSS: 0.0004 -- VALIDATION_LOSS: 0.0004
EPOCH 67 -- TRAINING_LOSS: 0.0004 -- VALIDATION_LOSS: 0.0004
EPOCH 68 -- TRAINING_LOSS: 0.0004 -- VALIDATION_LOSS: 0.0004
EPOCH 69 -- TRAINING_LOSS: 0.0004 -- VALIDATION_LOSS: 0.0004
EPOCH 70 -- TRAINING_LOSS: 0.0004 -- VALIDATION_LOSS: 0.0004
EPOCH 71 -- TRAINING_LOSS: 0.0004 -- VALIDATION_LOSS: 0.0004
EPOCH 72 -- TRAINING_LOSS: 0.0004 -- VALIDATION_LOSS: 0.0004
EPOCH 73 -- TRAINING_LOSS: 0.0004 -- VALIDATION_LOSS: 0.0004
EPOCH 74 -- TRAINING_LOSS: 0.0004 -- VALIDATION_LOSS: 0.0004
EPOCH 75 -- TRAINING_LOSS: 0.0004 -- VALIDATION_LOSS: 0.0004
EPOCH 76 -- TRAINING_LOSS: 0.0004 -- VALIDATION_LOSS: 0.0004
EPOCH 77 -- TRAINING_LOSS: 0.0004 -- VALIDATION_LOSS: 0.0004
EPOCH 78 -- TRAINING_LOSS: 0.0004 -- VALIDATION_LOSS: 0.0004
EPOCH 79 -- TRAINING_LOSS: 0.0004 -- VALIDATION_LOSS: 0.0004
EPOCH 80 -- TRAINING_LOSS: 0.0004 -- VALIDATION_LOSS: 0.0004
EPOCH 81 -- TRAINING_LOSS: 0.0004 -- VALIDATION_LOSS: 0.0004
EPOCH 82 -- TRAINING_LOSS: 0.0004 -- VALIDATION_LOSS: 0.0004
EPOCH 83 -- TRAINING_LOSS: 0.0004 -- VALIDATION_LOSS: 0.0004
EPOCH 84 -- TRAINING_LOSS: 0.0004 -- VALIDATION_LOSS: 0.0004
EPOCH 85 -- TRAINING_LOSS: 0.0004 -- VALIDATION_LOSS: 0.0004
EPOCH 86 -- TRAINING_LOSS: 0.0004 -- VALIDATION_LOSS: 0.0004
EPOCH 87 -- TRAINING_LOSS: 0.0004 -- VALIDATION_LOSS: 0.0004
EPOCH 88 -- TRAINING_LOSS: 0.0004 -- VALIDATION_LOSS: 0.0004
EPOCH 89 -- TRAINING_LOSS: 0.0004 -- VALIDATION_LOSS: 0.0004
EPOCH 90 -- TRAINING_LOSS: 0.0004 -- VALIDATION_LOSS: 0.0004
EPOCH 91 -- TRAINING_LOSS: 0.0004 -- VALIDATION_LOSS: 0.0004
EPOCH 92 -- TRAINING_LOSS: 0.0004 -- VALIDATION_LOSS: 0.0004
EPOCH 93 -- TRAINING_LOSS: 0.0004 -- VALIDATION_LOSS: 0.0004
EPOCH 94 -- TRAINING_LOSS: 0.0004 -- VALIDATION_LOSS: 0.0004
EPOCH 95 -- TRAINING_LOSS: 0.0004 -- VALIDATION_LOSS: 0.0004
EPOCH 96 -- TRAINING_LOSS: 0.0004 -- VALIDATION_LOSS: 0.0004
EPOCH 97 -- TRAINING_LOSS: 0.0004 -- VALIDATION_LOSS: 0.0004
EPOCH 98 -- TRAINING_LOSS: 0.0004 -- VALIDATION_LOSS: 0.0004
EPOCH 99 -- TRAINING_LOSS: 0.0004 -- VALIDATION_LOSS: 0.0004
EPOCH 100 -- TRAINING_LOSS: 0.0004 -- VALIDATION_LOSS: 0.0004
EPOCH 101 -- TRAINING_LOSS: 0.0004 -- VALIDATION_LOSS: 0.0004
EPOCH 102 -- TRAINING_LOSS: 0.0004 -- VALIDATION_LOSS: 0.0004
EPOCH 103 -- TRAINING_LOSS: 0.0004 -- VALIDATION_LOSS: 0.0004
EPOCH 104 -- TRAINING_LOSS: 0.0004 -- VALIDATION_LOSS: 0.0004
EPOCH 105 -- TRAINING_LOSS: 0.0004 -- VALIDATION_LOSS: 0.0004
EPOCH 106 -- TRAINING_LOSS: 0.0004 -- VALIDATION_LOSS: 0.0004
EPOCH 107 -- TRAINING_LOSS: 0.0004 -- VALIDATION_LOSS: 0.0004
EPOCH 108 -- TRAINING_LOSS: 0.0004 -- VALIDATION_LOSS: 0.0004
EPOCH 109 -- TRAINING_LOSS: 0.0004 -- VALIDATION_LOSS: 0.0004
EPOCH 110 -- TRAINING_LOSS: 0.0004 -- VALIDATION_LOSS: 0.0004
EPOCH 111 -- TRAINING_LOSS: 0.0004 -- VALIDATION_LOSS: 0.0004
EPOCH 112 -- TRAINING_LOSS: 0.0004 -- VALIDATION_LOSS: 0.0004
EPOCH 113 -- TRAINING_LOSS: 0.0003 -- VALIDATION_LOSS: 0.0004
EPOCH 114 -- TRAINING_LOSS: 0.0003 -- VALIDATION_LOSS: 0.0004
EPOCH 115 -- TRAINING_LOSS: 0.0003 -- VALIDATION_LOSS: 0.0004
EPOCH 116 -- TRAINING_LOSS: 0.0003 -- VALIDATION_LOSS: 0.0004
EPOCH 117 -- TRAINING_LOSS: 0.0003 -- VALIDATION_LOSS: 0.0004
EPOCH 118 -- TRAINING_LOSS: 0.0003 -- VALIDATION_LOSS: 0.0004
EPOCH 119 -- TRAINING_LOSS: 0.0003 -- VALIDATION_LOSS: 0.0004
EPOCH 120 -- TRAINING_LOSS: 0.0003 -- VALIDATION_LOSS: 0.0004
EPOCH 121 -- TRAINING_LOSS: 0.0003 -- VALIDATION_LOSS: 0.0004
EPOCH 122 -- TRAINING_LOSS: 0.0003 -- VALIDATION_LOSS: 0.0004
EPOCH 123 -- TRAINING_LOSS: 0.0003 -- VALIDATION_LOSS: 0.0004
EPOCH 124 -- TRAINING_LOSS: 0.0003 -- VALIDATION_LOSS: 0.0004
EPOCH 125 -- TRAINING_LOSS: 0.0003 -- VALIDATION_LOSS: 0.0004
EPOCH 126 -- TRAINING_LOSS: 0.0003 -- VALIDATION_LOSS: 0.0004
EPOCH 127 -- TRAINING_LOSS: 0.0003 -- VALIDATION_LOSS: 0.0004
EPOCH 128 -- TRAINING_LOSS: 0.0003 -- VALIDATION_LOSS: 0.0004
EPOCH 129 -- TRAINING_LOSS: 0.0003 -- VALIDATION_LOSS: 0.0004
EPOCH 130 -- TRAINING_LOSS: 0.0003 -- VALIDATION_LOSS: 0.0004
EPOCH 131 -- TRAINING_LOSS: 0.0003 -- VALIDATION_LOSS: 0.0004
EPOCH 132 -- TRAINING_LOSS: 0.0003 -- VALIDATION_LOSS: 0.0004
EPOCH 133 -- TRAINING_LOSS: 0.0003 -- VALIDATION_LOSS: 0.0004
EPOCH 134 -- TRAINING_LOSS: 0.0003 -- VALIDATION_LOSS: 0.0004
EPOCH 135 -- TRAINING_LOSS: 0.0003 -- VALIDATION_LOSS: 0.0004
EPOCH 136 -- TRAINING_LOSS: 0.0003 -- VALIDATION_LOSS: 0.0004
EPOCH 137 -- TRAINING_LOSS: 0.0003 -- VALIDATION_LOSS: 0.0004
EPOCH 138 -- TRAINING_LOSS: 0.0003 -- VALIDATION_LOSS: 0.0004
EPOCH 139 -- TRAINING_LOSS: 0.0003 -- VALIDATION_LOSS: 0.0004
EPOCH 140 -- TRAINING_LOSS: 0.0003 -- VALIDATION_LOSS: 0.0004
EPOCH 141 -- TRAINING_LOSS: 0.0003 -- VALIDATION_LOSS: 0.0004
EPOCH 142 -- TRAINING_LOSS: 0.0003 -- VALIDATION_LOSS: 0.0004
EPOCH 143 -- TRAINING_LOSS: 0.0003 -- VALIDATION_LOSS: 0.0004
EPOCH 144 -- TRAINING_LOSS: 0.0003 -- VALIDATION_LOSS: 0.0004
EPOCH 145 -- TRAINING_LOSS: 0.0003 -- VALIDATION_LOSS: 0.0004
EPOCH 146 -- TRAINING_LOSS: 0.0003 -- VALIDATION_LOSS: 0.0004
EPOCH 147 -- TRAINING_LOSS: 0.0003 -- VALIDATION_LOSS: 0.0004
EPOCH 148 -- TRAINING_LOSS: 0.0003 -- VALIDATION_LOSS: 0.0004
EPOCH 149 -- TRAINING_LOSS: 0.0003 -- VALIDATION_LOSS: 0.0004
EPOCH 150 -- TRAINING_LOSS: 0.0003 -- VALIDATION_LOSS: 0.0004
EPOCH 151 -- TRAINING_LOSS: 0.0003 -- VALIDATION_LOSS: 0.0004
EPOCH 152 -- TRAINING_LOSS: 0.0003 -- VALIDATION_LOSS: 0.0004
EPOCH 153 -- TRAINING_LOSS: 0.0003 -- VALIDATION_LOSS: 0.0004
EPOCH 154 -- TRAINING_LOSS: 0.0003 -- VALIDATION_LOSS: 0.0004
EPOCH 155 -- TRAINING_LOSS: 0.0003 -- VALIDATION_LOSS: 0.0004
EPOCH 156 -- TRAINING_LOSS: 0.0003 -- VALIDATION_LOSS: 0.0004
EPOCH 157 -- TRAINING_LOSS: 0.0003 -- VALIDATION_LOSS: 0.0004
EPOCH 158 -- TRAINING_LOSS: 0.0003 -- VALIDATION_LOSS: 0.0004
EPOCH 159 -- TRAINING_LOSS: 0.0003 -- VALIDATION_LOSS: 0.0004
EPOCH 160 -- TRAINING_LOSS: 0.0003 -- VALIDATION_LOSS: 0.0004
EPOCH 161 -- TRAINING_LOSS: 0.0003 -- VALIDATION_LOSS: 0.0004
EPOCH 162 -- TRAINING_LOSS: 0.0003 -- VALIDATION_LOSS: 0.0004
EPOCH 163 -- TRAINING_LOSS: 0.0003 -- VALIDATION_LOSS: 0.0004
EPOCH 164 -- TRAINING_LOSS: 0.0003 -- VALIDATION_LOSS: 0.0004
EPOCH 165 -- TRAINING_LOSS: 0.0003 -- VALIDATION_LOSS: 0.0004
EPOCH 166 -- TRAINING_LOSS: 0.0003 -- VALIDATION_LOSS: 0.0004
EPOCH 167 -- TRAINING_LOSS: 0.0003 -- VALIDATION_LOSS: 0.0004
EPOCH 168 -- TRAINING_LOSS: 0.0003 -- VALIDATION_LOSS: 0.0004
EPOCH 169 -- TRAINING_LOSS: 0.0003 -- VALIDATION_LOSS: 0.0004
EPOCH 170 -- TRAINING_LOSS: 0.0003 -- VALIDATION_LOSS: 0.0004
EPOCH 171 -- TRAINING_LOSS: 0.0003 -- VALIDATION_LOSS: 0.0004
EPOCH 172 -- TRAINING_LOSS: 0.0003 -- VALIDATION_LOSS: 0.0004
EPOCH 173 -- TRAINING_LOSS: 0.0003 -- VALIDATION_LOSS: 0.0004
EPOCH 174 -- TRAINING_LOSS: 0.0003 -- VALIDATION_LOSS: 0.0004
EPOCH 175 -- TRAINING_LOSS: 0.0003 -- VALIDATION_LOSS: 0.0004
EPOCH 176 -- TRAINING_LOSS: 0.0003 -- VALIDATION_LOSS: 0.0004
EPOCH 177 -- TRAINING_LOSS: 0.0003 -- VALIDATION_LOSS: 0.0004
EPOCH 178 -- TRAINING_LOSS: 0.0003 -- VALIDATION_LOSS: 0.0004
EPOCH 179 -- TRAINING_LOSS: 0.0003 -- VALIDATION_LOSS: 0.0004
EPOCH 180 -- TRAINING_LOSS: 0.0003 -- VALIDATION_LOSS: 0.0004
EPOCH 181 -- TRAINING_LOSS: 0.0003 -- VALIDATION_LOSS: 0.0004
EPOCH 182 -- TRAINING_LOSS: 0.0003 -- VALIDATION_LOSS: 0.0004
EPOCH 183 -- TRAINING_LOSS: 0.0003 -- VALIDATION_LOSS: 0.0004
EPOCH 184 -- TRAINING_LOSS: 0.0003 -- VALIDATION_LOSS: 0.0004
EPOCH 185 -- TRAINING_LOSS: 0.0003 -- VALIDATION_LOSS: 0.0004
EPOCH 186 -- TRAINING_LOSS: 0.0003 -- VALIDATION_LOSS: 0.0004
EPOCH 187 -- TRAINING_LOSS: 0.0003 -- VALIDATION_LOSS: 0.0004
EPOCH 188 -- TRAINING_LOSS: 0.0003 -- VALIDATION_LOSS: 0.0004
EPOCH 189 -- TRAINING_LOSS: 0.0003 -- VALIDATION_LOSS: 0.0004
EPOCH 190 -- TRAINING_LOSS: 0.0003 -- VALIDATION_LOSS: 0.0004
EPOCH 191 -- TRAINING_LOSS: 0.0003 -- VALIDATION_LOSS: 0.0004
EPOCH 192 -- TRAINING_LOSS: 0.0003 -- VALIDATION_LOSS: 0.0004
EPOCH 193 -- TRAINING_LOSS: 0.0003 -- VALIDATION_LOSS: 0.0004
EPOCH 194 -- TRAINING_LOSS: 0.0003 -- VALIDATION_LOSS: 0.0004
EPOCH 195 -- TRAINING_LOSS: 0.0003 -- VALIDATION_LOSS: 0.0004
EPOCH 196 -- TRAINING_LOSS: 0.0003 -- VALIDATION_LOSS: 0.0004
EPOCH 197 -- TRAINING_LOSS: 0.0003 -- VALIDATION_LOSS: 0.0004
EPOCH 198 -- TRAINING_LOSS: 0.0003 -- VALIDATION_LOSS: 0.0004
EPOCH 199 -- TRAINING_LOSS: 0.0003 -- VALIDATION_LOSS: 0.0004
DONE!
